2025-02-27 13:58:08,283 - INFO - Iniciando cliente fantasma...
2025-02-27 13:58:08,292 - INFO - Detección activada correctamente
2025-02-27 13:58:08,293 - INFO - Conectando al stream de video...
2025-02-27 13:58:08,799 - INFO - Reconectando...
2025-02-27 13:58:13,802 - INFO - Conectando al stream de video...
2025-02-27 13:58:14,416 - INFO - Reconectando...
2025-02-27 13:58:19,422 - INFO - Conectando al stream de video...
2025-02-27 13:58:20,335 - INFO - Reconectando...
2025-02-27 13:58:25,340 - INFO - Conectando al stream de video...
2025-02-27 13:58:25,968 - INFO - Reconectando...
2025-02-27 13:58:30,974 - INFO - Conectando al stream de video...
2025-02-27 13:58:31,786 - INFO - Reconectando...
2025-02-27 13:58:36,792 - INFO - Conectando al stream de video...
2025-02-27 13:58:37,540 - INFO - Reconectando...
2025-02-27 13:58:42,546 - INFO - Conectando al stream de video...
2025-02-27 13:58:43,200 - INFO - Reconectando...
2025-02-27 13:58:48,206 - INFO - Conectando al stream de video...
2025-02-27 13:58:48,862 - INFO - Reconectando...
2025-02-27 13:58:53,866 - INFO - Conectando al stream de video...
2025-02-27 13:58:54,376 - INFO - Reconectando...
2025-02-27 13:58:57,657 - INFO - Cliente fantasma detenido manualmente
2025-02-27 14:02:31,992 - INFO - Iniciando cliente fantasma...
2025-02-27 14:02:32,001 - INFO - Detección activada correctamente
2025-02-27 14:02:32,001 - INFO - Conectando al stream de video...
2025-02-27 14:02:40,139 - INFO - Reconectando...
2025-02-27 14:02:45,141 - INFO - Conectando al stream de video...
2025-02-27 14:02:45,790 - INFO - Reconectando...
2025-02-27 14:02:50,792 - INFO - Conectando al stream de video...
2025-02-27 14:02:51,386 - INFO - Reconectando...
2025-02-27 14:02:56,391 - INFO - Conectando al stream de video...
2025-02-27 14:02:57,059 - INFO - Reconectando...
2025-02-27 14:03:02,064 - INFO - Conectando al stream de video...
2025-02-27 14:03:02,601 - INFO - Cliente fantasma detenido manualmente
